[INFO ] 2024-09-20 13:27:08.602 [main] StepDef - Setup Executed....
[INFO ] 2024-09-20 13:27:08.685 [main] StepDef - Chrome Browser Launched....
[INFO ] 2024-09-20 13:27:13.374 [main] StepDef - URL Opened....
[INFO ] 2024-09-20 13:27:15.787 [main] StepDef - Email Address & Password entered....
[INFO ] 2024-09-20 13:27:17.145 [main] StepDef - Login Button Clicked....
[WARN ] 2024-09-20 13:27:17.325 [main] StepDef - Test Failed: Login feature page title not matched....
[INFO ] 2024-09-20 13:33:21.504 [main] StepDef - Setup Executed....
[INFO ] 2024-09-20 13:33:21.665 [main] StepDef - Chrome Browser Launched....
[INFO ] 2024-09-20 13:33:26.815 [main] StepDef - URL Opened....
[INFO ] 2024-09-20 13:33:29.617 [main] StepDef - Email Address & Password entered....
[INFO ] 2024-09-20 13:33:31.017 [main] StepDef - Login Button Clicked....
[WARN ] 2024-09-20 13:33:31.060 [main] StepDef - Test Failed: Login feature page title not matched....
[INFO ] 2024-09-20 13:33:47.698 [main] StepDef - Setup Executed....
[INFO ] 2024-09-20 13:33:47.700 [main] StepDef - Chrome Browser Launched....
[INFO ] 2024-09-20 13:33:53.393 [main] StepDef - URL Opened....
[INFO ] 2024-09-20 13:33:58.329 [main] StepDef - Email Address & Password entered....
[INFO ] 2024-09-20 13:34:01.811 [main] StepDef - Login Button Clicked....
[WARN ] 2024-09-20 13:34:01.823 [main] StepDef - Test Failed: Login feature page title not matched....
[INFO ] 2024-09-20 13:34:19.297 [main] StepDef - Setup Executed....
[INFO ] 2024-09-20 13:34:19.300 [main] StepDef - Chrome Browser Launched....
[INFO ] 2024-09-20 13:34:23.519 [main] StepDef - URL Opened....
[INFO ] 2024-09-20 13:34:26.145 [main] StepDef - Email Address & Password entered....
[INFO ] 2024-09-20 13:34:27.545 [main] StepDef - Login Button Clicked....
[WARN ] 2024-09-20 13:34:27.666 [main] StepDef - Test Failed: Login feature page title not matched....
[INFO ] 2024-09-20 14:35:08.610 [main] StepDef - Setup Executed....
[INFO ] 2024-09-20 14:35:08.728 [main] StepDef - Chrome Browser Launched....
[INFO ] 2024-09-20 14:35:13.222 [main] StepDef - URL Opened....
[INFO ] 2024-09-20 14:35:15.949 [main] StepDef - Email Address & Password entered....
[INFO ] 2024-09-20 14:35:17.270 [main] StepDef - Login Button Clicked....
[WARN ] 2024-09-20 14:35:17.539 [main] StepDef - Test Failed: Login feature page title not matched....
[INFO ] 2024-09-20 14:35:25.155 [main] StepDef - Setup Executed....
[INFO ] 2024-09-20 14:35:25.158 [main] StepDef - Chrome Browser Launched....
[INFO ] 2024-09-20 14:35:29.671 [main] StepDef - URL Opened....
[INFO ] 2024-09-20 14:35:32.430 [main] StepDef - Email Address & Password entered....
[INFO ] 2024-09-20 14:35:33.687 [main] StepDef - Login Button Clicked....
[WARN ] 2024-09-20 14:35:33.704 [main] StepDef - Test Failed: Login feature page title not matched....
[INFO ] 2024-09-20 14:35:42.065 [main] StepDef - Setup Executed....
[INFO ] 2024-09-20 14:35:42.067 [main] StepDef - Chrome Browser Launched....
[INFO ] 2024-09-20 14:35:47.801 [main] StepDef - URL Opened....
[INFO ] 2024-09-20 14:35:50.917 [main] StepDef - Email Address & Password entered....
[INFO ] 2024-09-20 14:35:52.503 [main] StepDef - Login Button Clicked....
[WARN ] 2024-09-20 14:35:52.520 [main] StepDef - Test Failed: Login feature page title not matched....
[INFO ] 2024-09-20 14:40:40.739 [main] StepDef - Setup Executed....
[INFO ] 2024-09-20 14:40:40.839 [main] StepDef - Chrome Browser Launched....
[INFO ] 2024-09-20 14:40:45.173 [main] StepDef - URL Opened....
[INFO ] 2024-09-20 14:40:47.933 [main] StepDef - Email Address & Password entered....
[INFO ] 2024-09-20 14:40:49.388 [main] StepDef - Login Button Clicked....
[WARN ] 2024-09-20 14:40:49.593 [main] StepDef - Test Failed: Login feature page title not matched....
[INFO ] 2024-09-20 14:40:57.580 [main] StepDef - Setup Executed....
[INFO ] 2024-09-20 14:40:57.582 [main] StepDef - Chrome Browser Launched....
[INFO ] 2024-09-20 14:41:02.257 [main] StepDef - URL Opened....
[INFO ] 2024-09-20 14:41:05.401 [main] StepDef - Email Address & Password entered....
[INFO ] 2024-09-20 14:41:06.828 [main] StepDef - Login Button Clicked....
[WARN ] 2024-09-20 14:41:11.138 [main] StepDef - Test Failed: Login feature page title not matched....
[INFO ] 2024-09-20 14:41:21.789 [main] StepDef - Setup Executed....
[INFO ] 2024-09-20 14:41:21.795 [main] StepDef - Chrome Browser Launched....
[INFO ] 2024-09-20 14:53:05.644 [main] StepDef - Setup Executed....
[INFO ] 2024-09-20 14:53:05.736 [main] StepDef - Chrome Browser Launched....
[INFO ] 2024-09-20 14:53:10.489 [main] StepDef - URL Opened....
[INFO ] 2024-09-20 14:53:13.124 [main] StepDef - Email Address & Password entered....
[INFO ] 2024-09-20 14:53:16.529 [main] StepDef - Login Button Clicked....
[WARN ] 2024-09-20 14:53:16.886 [main] StepDef - Test Failed: Login feature page title not matched....
[INFO ] 2024-09-20 14:53:27.713 [main] StepDef - Setup Executed....
[INFO ] 2024-09-20 14:53:27.717 [main] StepDef - Chrome Browser Launched....
[INFO ] 2024-09-20 15:00:17.889 [main] StepDef - Setup Executed....
[INFO ] 2024-09-20 15:00:17.993 [main] StepDef - Chrome Browser Launched....
[INFO ] 2024-09-20 15:00:22.617 [main] StepDef - URL Opened....
[INFO ] 2024-09-20 15:00:25.557 [main] StepDef - Email Address & Password entered....
[INFO ] 2024-09-20 15:00:26.859 [main] StepDef - Login Button Clicked....
[WARN ] 2024-09-20 15:00:27.068 [main] StepDef - Test Failed: Login feature page title not matched....
[INFO ] 2024-09-20 15:00:42.817 [main] StepDef - Setup Executed....
[INFO ] 2024-09-20 15:00:42.832 [main] StepDef - Chrome Browser Launched....
[INFO ] 2024-09-20 15:12:41.465 [main] StepDef - Setup Executed....
[INFO ] 2024-09-20 15:12:41.572 [main] StepDef - Chrome Browser Launched....
[INFO ] 2024-09-20 15:12:46.086 [main] StepDef - URL Opened....
[INFO ] 2024-09-20 15:12:48.962 [main] StepDef - Email Address & Password entered....
[INFO ] 2024-09-20 15:12:50.360 [main] StepDef - Login Button Clicked....
[WARN ] 2024-09-20 15:12:50.401 [main] StepDef - Test Failed: Login feature page title not matched....
[INFO ] 2024-09-20 15:12:58.849 [main] StepDef - Setup Executed....
[INFO ] 2024-09-20 15:12:58.859 [main] StepDef - Chrome Browser Launched....
[INFO ] 2024-09-20 15:13:06.559 [main] StepDef - URL Opened....
[INFO ] 2024-09-20 15:13:12.930 [main] StepDef - Email Address & Password entered....
[INFO ] 2024-09-20 15:13:15.470 [main] StepDef - Login Button Clicked....
[WARN ] 2024-09-20 15:13:18.062 [main] StepDef - Test Failed: Login feature page title not matched....
[INFO ] 2024-09-20 15:13:26.714 [main] StepDef - Setup Executed....
[INFO ] 2024-09-20 15:13:26.719 [main] StepDef - Chrome Browser Launched....
[INFO ] 2024-09-20 15:13:31.636 [main] StepDef - URL Opened....
[INFO ] 2024-09-20 15:13:35.407 [main] StepDef - Email Address & Password entered....
[INFO ] 2024-09-20 15:13:36.784 [main] StepDef - Login Button Clicked....
[WARN ] 2024-09-20 15:13:37.243 [main] StepDef - Test Failed: Login feature page title not matched....
[INFO ] 2024-09-20 15:20:41.134 [main] StepDef - Setup Executed....
[INFO ] 2024-09-20 15:20:41.203 [main] StepDef - Chrome Browser Launched....
[INFO ] 2024-09-20 15:20:48.638 [main] StepDef - URL Opened....
[INFO ] 2024-09-20 15:20:51.514 [main] StepDef - Email Address & Password entered....
[INFO ] 2024-09-20 15:20:53.738 [main] StepDef - Login Button Clicked....
[WARN ] 2024-09-20 15:20:53.844 [main] StepDef - Test Failed: Login feature page title not matched....
[INFO ] 2024-09-20 15:21:02.802 [main] StepDef - Setup Executed....
[INFO ] 2024-09-20 15:21:02.808 [main] StepDef - Chrome Browser Launched....
[INFO ] 2024-09-20 15:21:09.514 [main] StepDef - URL Opened....
[INFO ] 2024-09-20 15:21:13.079 [main] StepDef - Email Address & Password entered....
[INFO ] 2024-09-20 15:21:19.257 [main] StepDef - Login Button Clicked....
[WARN ] 2024-09-20 15:21:19.280 [main] StepDef - Test Failed: Login feature page title not matched....
[INFO ] 2024-09-20 15:21:26.166 [main] StepDef - Setup Executed....
[INFO ] 2024-09-20 15:21:26.177 [main] StepDef - Chrome Browser Launched....
[INFO ] 2024-09-20 16:10:33.965 [main] StepDef - Setup Executed....
[INFO ] 2024-09-20 16:10:34.061 [main] StepDef - Chrome Browser Launched....
[INFO ] 2024-09-20 16:10:38.446 [main] StepDef - URL Opened....
[INFO ] 2024-09-20 16:10:41.300 [main] StepDef - Email Address & Password entered....
[INFO ] 2024-09-20 16:10:44.123 [main] StepDef - Login Button Clicked....
[INFO ] 2024-09-20 16:10:44.167 [main] StepDef - User can view dashboard test passed....
[INFO ] 2024-09-20 16:10:48.229 [main] StepDef - Setup Executed....
[INFO ] 2024-09-20 16:10:48.232 [main] StepDef - Chrome Browser Launched....
[INFO ] 2024-09-20 16:10:53.250 [main] StepDef - URL Opened....
[INFO ] 2024-09-20 16:10:57.801 [main] StepDef - Email Address & Password entered....
[INFO ] 2024-09-20 16:11:01.480 [main] StepDef - Login Button Clicked....
[INFO ] 2024-09-20 16:11:01.497 [main] StepDef - User can view dashboard test passed....
[INFO ] 2024-09-20 16:11:04.913 [main] StepDef - Setup Executed....
[INFO ] 2024-09-20 16:11:04.916 [main] StepDef - Chrome Browser Launched....
[INFO ] 2024-09-20 16:11:09.276 [main] StepDef - URL Opened....
[INFO ] 2024-09-20 16:11:12.913 [main] StepDef - Email Address & Password entered....
[INFO ] 2024-09-20 16:11:19.361 [main] StepDef - Login Button Clicked....
[INFO ] 2024-09-20 16:11:19.433 [main] StepDef - User can view dashboard test passed....
[INFO ] 2024-09-20 16:11:21.506 [main] StepDef - Setup Executed....
[INFO ] 2024-09-20 16:11:21.509 [main] StepDef - Chrome Browser Launched....
[INFO ] 2024-09-20 16:11:26.113 [main] StepDef - URL Opened....
[INFO ] 2024-09-20 16:11:42.611 [main] StepDef - Email Address & Password entered....
[INFO ] 2024-09-20 16:11:51.514 [main] StepDef - Setup Executed....
[INFO ] 2024-09-20 16:11:51.517 [main] StepDef - Chrome Browser Launched....
[INFO ] 2024-09-20 16:11:56.394 [main] StepDef - URL Opened....
[INFO ] 2024-09-20 16:11:59.292 [main] StepDef - Email Address & Password entered....
[INFO ] 2024-09-20 16:12:03.831 [main] StepDef - Login Button Clicked....
[WARN ] 2024-09-20 16:12:04.065 [main] StepDef - Test Failed: Login feature page title not matched....
[INFO ] 2024-09-20 16:12:11.632 [main] StepDef - Setup Executed....
[INFO ] 2024-09-20 16:12:11.640 [main] StepDef - Chrome Browser Launched....
[INFO ] 2024-09-20 16:12:15.993 [main] StepDef - URL Opened....
[INFO ] 2024-09-20 16:12:18.921 [main] StepDef - Email Address & Password entered....
[INFO ] 2024-09-20 16:12:21.227 [main] StepDef - Login Button Clicked....
[WARN ] 2024-09-20 16:12:21.241 [main] StepDef - Test Failed: Login feature page title not matched....
[INFO ] 2024-09-20 16:50:23.149 [main] StepDef - Setup Executed....
[INFO ] 2024-09-20 16:50:23.339 [main] StepDef - Chrome Browser Launched....
[INFO ] 2024-09-20 16:50:27.803 [main] StepDef - URL Opened....
[INFO ] 2024-09-20 16:50:30.456 [main] StepDef - Email Address & Password entered....
[INFO ] 2024-09-20 16:50:32.184 [main] StepDef - Login Button Clicked....
[INFO ] 2024-09-20 16:50:32.203 [main] StepDef - User can view dashboard test passed....
[INFO ] 2024-09-20 16:50:34.766 [main] StepDef - Setup Executed....
[INFO ] 2024-09-20 16:50:34.768 [main] StepDef - Chrome Browser Launched....
[INFO ] 2024-09-20 16:50:39.028 [main] StepDef - Setup Executed....
[INFO ] 2024-09-20 16:50:39.029 [main] StepDef - Chrome Browser Launched....
[INFO ] 2024-09-20 16:50:43.236 [main] StepDef - Setup Executed....
[INFO ] 2024-09-20 16:50:43.239 [main] StepDef - Chrome Browser Launched....
[INFO ] 2024-09-20 16:50:47.476 [main] StepDef - Setup Executed....
[INFO ] 2024-09-20 16:50:47.482 [main] StepDef - Chrome Browser Launched....
[INFO ] 2024-09-20 16:50:51.833 [main] StepDef - URL Opened....
[INFO ] 2024-09-20 16:50:54.445 [main] StepDef - Email Address & Password entered....
[INFO ] 2024-09-20 16:50:56.098 [main] StepDef - Login Button Clicked....
[WARN ] 2024-09-20 16:50:56.115 [main] StepDef - Test Failed: Login feature page title not matched....
[INFO ] 2024-09-20 16:51:02.263 [main] StepDef - Setup Executed....
[INFO ] 2024-09-20 16:51:02.265 [main] StepDef - Chrome Browser Launched....
[INFO ] 2024-09-20 16:51:06.551 [main] StepDef - URL Opened....
[INFO ] 2024-09-20 16:51:09.167 [main] StepDef - Email Address & Password entered....
[INFO ] 2024-09-20 16:51:10.803 [main] StepDef - Login Button Clicked....
[WARN ] 2024-09-20 16:51:10.930 [main] StepDef - Test Failed: Login feature page title not matched....
[INFO ] 2024-09-20 17:04:55.579 [main] StepDef - Setup Executed....
[INFO ] 2024-09-20 17:04:55.671 [main] StepDef - Chrome Browser Launched....
[INFO ] 2024-09-20 17:05:00.017 [main] StepDef - URL Opened....
[INFO ] 2024-09-20 17:05:02.674 [main] StepDef - Email Address & Password entered....
[INFO ] 2024-09-20 17:05:04.842 [main] StepDef - Login Button Clicked....
[WARN ] 2024-09-20 17:05:04.859 [main] StepDef - Test Failed: Login feature page title not matched....
[INFO ] 2024-09-20 17:05:12.530 [main] StepDef - Setup Executed....
[INFO ] 2024-09-20 17:05:12.538 [main] StepDef - Chrome Browser Launched....
[INFO ] 2024-09-20 17:05:16.867 [main] StepDef - URL Opened....
[INFO ] 2024-09-20 17:05:19.673 [main] StepDef - Email Address & Password entered....
[INFO ] 2024-09-20 17:05:23.880 [main] StepDef - Login Button Clicked....
[WARN ] 2024-09-20 17:05:24.026 [main] StepDef - Test Failed: Login feature page title not matched....
[INFO ] 2024-09-20 17:05:32.667 [main] StepDef - Setup Executed....
[INFO ] 2024-09-20 17:05:32.670 [main] StepDef - Chrome Browser Launched....
[INFO ] 2024-09-20 17:05:37.317 [main] StepDef - URL Opened....
[INFO ] 2024-09-20 17:05:39.743 [main] StepDef - Email Address & Password entered....
[INFO ] 2024-09-20 17:05:41.995 [main] StepDef - Login Button Clicked....
[WARN ] 2024-09-20 17:05:42.055 [main] StepDef - Test Failed: Login feature page title not matched....
[INFO ] 2024-09-20 18:00:42.180 [main] StepDef - Setup Executed....
[INFO ] 2024-09-20 18:00:42.240 [main] StepDef - Chrome Browser Launched....
[INFO ] 2024-09-20 18:00:46.590 [main] StepDef - URL Opened....
[INFO ] 2024-09-20 18:00:49.199 [main] StepDef - Email Address & Password entered....
[INFO ] 2024-09-20 18:00:51.386 [main] StepDef - Login Button Clicked....
[WARN ] 2024-09-20 18:00:51.424 [main] StepDef - Test Failed: Login feature page title not matched....
[INFO ] 2024-09-20 18:00:58.893 [main] StepDef - Setup Executed....
[INFO ] 2024-09-20 18:00:58.906 [main] StepDef - Chrome Browser Launched....
[INFO ] 2024-09-20 18:01:03.826 [main] StepDef - URL Opened....
[INFO ] 2024-09-20 18:01:06.470 [main] StepDef - Email Address & Password entered....
[INFO ] 2024-09-20 18:01:11.140 [main] StepDef - Login Button Clicked....
[WARN ] 2024-09-20 18:01:11.180 [main] StepDef - Test Failed: Login feature page title not matched....
[INFO ] 2024-09-20 18:01:19.574 [main] StepDef - Setup Executed....
[INFO ] 2024-09-20 18:01:19.576 [main] StepDef - Chrome Browser Launched....
[INFO ] 2024-09-20 18:01:23.939 [main] StepDef - URL Opened....
[INFO ] 2024-09-20 18:01:26.592 [main] StepDef - Email Address & Password entered....
[INFO ] 2024-09-20 18:01:28.930 [main] StepDef - Login Button Clicked....
[INFO ] 2024-09-20 18:08:48.444 [main] StepDef - Setup Executed....
[INFO ] 2024-09-20 18:08:48.520 [main] StepDef - Chrome Browser Launched....
[INFO ] 2024-09-20 18:08:52.949 [main] StepDef - URL Opened....
[INFO ] 2024-09-20 18:08:55.442 [main] StepDef - Email Address & Password entered....
[INFO ] 2024-09-20 18:09:00.631 [main] StepDef - Login Button Clicked....
[WARN ] 2024-09-20 18:09:00.722 [main] StepDef - Test Failed: Login feature page title not matched....
[INFO ] 2024-09-20 18:09:09.106 [main] StepDef - Setup Executed....
[INFO ] 2024-09-20 18:09:09.117 [main] StepDef - Chrome Browser Launched....
[INFO ] 2024-09-20 18:09:17.175 [main] StepDef - URL Opened....
[INFO ] 2024-09-20 18:09:20.024 [main] StepDef - Email Address & Password entered....
[INFO ] 2024-09-20 18:09:25.481 [main] StepDef - Login Button Clicked....
[WARN ] 2024-09-20 18:09:25.530 [main] StepDef - Test Failed: Login feature page title not matched....
[INFO ] 2024-09-20 18:09:32.089 [main] StepDef - Setup Executed....
[INFO ] 2024-09-20 18:09:32.090 [main] StepDef - Chrome Browser Launched....
[INFO ] 2024-09-20 18:28:16.992 [main] StepDef - Setup Executed....
[INFO ] 2024-09-20 18:28:17.079 [main] StepDef - Chrome Browser Launched....
[INFO ] 2024-09-20 18:28:21.361 [main] StepDef - URL Opened....
[INFO ] 2024-09-20 18:28:24.044 [main] StepDef - Email Address & Password entered....
[INFO ] 2024-09-20 18:28:31.258 [main] StepDef - Setup Executed....
[INFO ] 2024-09-20 18:28:31.261 [main] StepDef - Chrome Browser Launched....
[INFO ] 2024-09-20 18:28:35.590 [main] StepDef - URL Opened....
[INFO ] 2024-09-20 18:28:38.728 [main] StepDef - Email Address & Password entered....
[INFO ] 2024-09-20 18:28:44.112 [main] StepDef - Setup Executed....
[INFO ] 2024-09-20 18:28:44.116 [main] StepDef - Chrome Browser Launched....
[INFO ] 2024-09-20 18:28:48.413 [main] StepDef - URL Opened....
[INFO ] 2024-09-20 18:28:51.182 [main] StepDef - Email Address & Password entered....
[INFO ] 2024-09-20 19:52:29.992 [main] StepDef - Setup Executed....
[INFO ] 2024-09-20 19:52:30.049 [main] StepDef - Chrome Browser Launched....
[INFO ] 2024-09-20 19:52:34.651 [main] StepDef - URL Opened....
[INFO ] 2024-09-20 19:52:37.474 [main] StepDef - Email Address & Password entered....
[INFO ] 2024-09-20 19:52:41.180 [main] StepDef - Login Button Clicked....
[WARN ] 2024-09-20 19:52:41.500 [main] StepDef - Test Failed: Login feature page title not matched....
[INFO ] 2024-09-20 19:52:55.782 [main] StepDef - Setup Executed....
[INFO ] 2024-09-20 19:52:55.782 [main] StepDef - Chrome Browser Launched....
[INFO ] 2024-09-20 19:53:03.728 [main] StepDef - URL Opened....
[INFO ] 2024-09-20 19:53:07.829 [main] StepDef - Email Address & Password entered....
[INFO ] 2024-09-20 19:53:11.649 [main] StepDef - Login Button Clicked....
[WARN ] 2024-09-20 19:53:11.705 [main] StepDef - Test Failed: Login feature page title not matched....
[INFO ] 2024-09-20 19:53:23.954 [main] StepDef - Setup Executed....
[INFO ] 2024-09-20 19:53:23.969 [main] StepDef - Chrome Browser Launched....
[INFO ] 2024-09-20 19:53:28.063 [main] StepDef - URL Opened....
[INFO ] 2024-09-20 19:53:31.034 [main] StepDef - Email Address & Password entered....
[INFO ] 2024-09-20 19:53:36.468 [main] StepDef - Login Button Clicked....
[WARN ] 2024-09-20 19:53:37.029 [main] StepDef - Test Failed: Login feature page title not matched....
[INFO ] 2024-09-20 20:16:36.262 [main] StepDef - Setup Executed....
[INFO ] 2024-09-20 20:16:36.330 [main] StepDef - Chrome Browser Launched....
[INFO ] 2024-09-20 20:16:40.886 [main] StepDef - URL Opened....
[INFO ] 2024-09-20 20:16:43.741 [main] StepDef - Email Address & Password entered....
[INFO ] 2024-09-20 20:16:46.977 [main] StepDef - Login Button Clicked....
[INFO ] 2024-09-20 20:35:11.783 [main] StepDef - Setup Executed....
[INFO ] 2024-09-20 20:35:11.866 [main] StepDef - Chrome Browser Launched....
[INFO ] 2024-09-20 20:35:16.507 [main] StepDef - URL Opened....
[INFO ] 2024-09-20 20:35:18.964 [main] StepDef - Email Address & Password entered....
[INFO ] 2024-09-20 20:35:22.296 [main] StepDef - Login Button Clicked....
[INFO ] 2024-09-20 20:41:12.843 [main] StepDef - Setup Executed....
[INFO ] 2024-09-20 20:41:12.959 [main] StepDef - Chrome Browser Launched....
[INFO ] 2024-09-20 20:41:17.457 [main] StepDef - URL Opened....
[INFO ] 2024-09-20 20:41:20.185 [main] StepDef - Email Address & Password entered....
[INFO ] 2024-09-20 20:41:23.701 [main] StepDef - Login Button Clicked....
[WARN ] 2024-09-20 20:41:23.722 [main] StepDef - Test Failed: Login feature page title not matched....
[INFO ] 2024-09-20 20:41:32.120 [main] StepDef - Setup Executed....
[INFO ] 2024-09-20 20:41:32.133 [main] StepDef - Chrome Browser Launched....
[INFO ] 2024-09-20 20:41:38.032 [main] StepDef - URL Opened....
[INFO ] 2024-09-20 20:41:41.367 [main] StepDef - Email Address & Password entered....
[INFO ] 2024-09-20 20:41:47.070 [main] StepDef - Login Button Clicked....
[WARN ] 2024-09-20 20:41:47.081 [main] StepDef - Test Failed: Login feature page title not matched....
[INFO ] 2024-09-20 20:41:54.739 [main] StepDef - Setup Executed....
[INFO ] 2024-09-20 20:41:54.747 [main] StepDef - Chrome Browser Launched....
[INFO ] 2024-09-20 20:41:59.202 [main] StepDef - URL Opened....
[INFO ] 2024-09-20 20:42:01.881 [main] StepDef - Email Address & Password entered....
[INFO ] 2024-09-20 20:42:05.640 [main] StepDef - Login Button Clicked....
[WARN ] 2024-09-20 20:42:05.735 [main] StepDef - Test Failed: Login feature page title not matched....
[INFO ] 2024-09-20 21:38:24.060 [main] StepDef - Setup Executed....
[INFO ] 2024-09-20 21:38:24.172 [main] StepDef - Chrome Browser Launched....
[INFO ] 2024-09-20 21:38:28.728 [main] StepDef - URL Opened....
[INFO ] 2024-09-20 21:38:31.196 [main] StepDef - Email Address & Password entered....
[INFO ] 2024-09-20 21:38:34.494 [main] StepDef - Login Button Clicked....
[WARN ] 2024-09-20 21:38:34.528 [main] StepDef - Test Failed: Login feature page title not matched....
[INFO ] 2024-09-20 21:38:44.744 [main] StepDef - Setup Executed....
[INFO ] 2024-09-20 21:38:44.746 [main] StepDef - Chrome Browser Launched....
[INFO ] 2024-09-20 21:38:51.027 [main] StepDef - Setup Executed....
[INFO ] 2024-09-20 21:38:51.029 [main] StepDef - Chrome Browser Launched....
[INFO ] 2024-09-20 21:38:55.379 [main] StepDef - URL Opened....
[INFO ] 2024-09-20 21:38:57.970 [main] StepDef - Email Address & Password entered....
[INFO ] 2024-09-20 21:39:01.317 [main] StepDef - Login Button Clicked....
[INFO ] 2024-09-20 22:20:24.956 [main] StepDef - Setup Executed....
[INFO ] 2024-09-20 22:20:25.006 [main] StepDef - Chrome Browser Launched....
[INFO ] 2024-09-20 22:20:29.512 [main] StepDef - URL Opened....
[INFO ] 2024-09-20 22:20:32.289 [main] StepDef - Email Address & Password entered....
[INFO ] 2024-09-20 22:20:35.671 [main] StepDef - Login Button Clicked....
[WARN ] 2024-09-20 22:20:35.708 [main] StepDef - Test Failed: Login feature page title not matched....
[INFO ] 2024-09-20 22:20:46.512 [main] StepDef - Setup Executed....
[INFO ] 2024-09-20 22:20:46.519 [main] StepDef - Chrome Browser Launched....
[INFO ] 2024-09-20 22:20:51.198 [main] StepDef - URL Opened....
[INFO ] 2024-09-20 22:20:54.312 [main] StepDef - Email Address & Password entered....
[INFO ] 2024-09-20 22:20:58.863 [main] StepDef - Login Button Clicked....
[WARN ] 2024-09-20 22:20:59.824 [main] StepDef - Test Failed: Login feature page title not matched....
[INFO ] 2024-09-20 22:21:08.670 [main] StepDef - Setup Executed....
[INFO ] 2024-09-20 22:21:08.677 [main] StepDef - Chrome Browser Launched....
[INFO ] 2024-09-20 22:21:13.136 [main] StepDef - URL Opened....
[INFO ] 2024-09-20 22:21:16.825 [main] StepDef - Email Address & Password entered....
[INFO ] 2024-09-20 22:21:24.337 [main] StepDef - Login Button Clicked....
[WARN ] 2024-09-20 22:21:24.801 [main] StepDef - Test Failed: Login feature page title not matched....
[INFO ] 2024-09-20 22:25:23.397 [main] StepDef - Setup Executed....
[INFO ] 2024-09-20 22:25:23.466 [main] StepDef - Chrome Browser Launched....
[INFO ] 2024-09-20 22:25:28.135 [main] StepDef - URL Opened....
[INFO ] 2024-09-20 22:25:30.631 [main] StepDef - Email Address & Password entered....
[INFO ] 2024-09-20 22:25:33.929 [main] StepDef - Login Button Clicked....
[WARN ] 2024-09-20 22:25:33.992 [main] StepDef - Test Failed: Login feature page title not matched....
[INFO ] 2024-09-20 22:25:41.489 [main] StepDef - Setup Executed....
[INFO ] 2024-09-20 22:25:41.499 [main] StepDef - Chrome Browser Launched....
[INFO ] 2024-09-20 22:25:46.952 [main] StepDef - URL Opened....
[INFO ] 2024-09-20 22:25:49.675 [main] StepDef - Email Address & Password entered....
[INFO ] 2024-09-20 22:25:53.167 [main] StepDef - Login Button Clicked....
[WARN ] 2024-09-20 22:25:53.492 [main] StepDef - Test Failed: Login feature page title not matched....
[INFO ] 2024-09-20 22:32:00.155 [main] StepDef - Setup Executed....
[INFO ] 2024-09-20 22:32:00.238 [main] StepDef - Chrome Browser Launched....
[INFO ] 2024-09-20 22:32:05.253 [main] StepDef - URL Opened....
[INFO ] 2024-09-20 22:32:07.830 [main] StepDef - Email Address & Password entered....
[INFO ] 2024-09-20 22:32:11.073 [main] StepDef - Login Button Clicked....
[WARN ] 2024-09-20 22:32:11.114 [main] StepDef - Test Failed: Login feature page title not matched....
[INFO ] 2024-09-20 22:32:21.977 [main] StepDef - Setup Executed....
[INFO ] 2024-09-20 22:32:21.988 [main] StepDef - Chrome Browser Launched....
[INFO ] 2024-09-20 22:32:26.845 [main] StepDef - URL Opened....
[INFO ] 2024-09-20 22:32:29.908 [main] StepDef - Email Address & Password entered....
[INFO ] 2024-09-20 22:32:36.231 [main] StepDef - Login Button Clicked....
[WARN ] 2024-09-20 22:32:36.289 [main] StepDef - Test Failed: Login feature page title not matched....
[INFO ] 2024-09-20 22:32:46.988 [main] StepDef - Setup Executed....
[INFO ] 2024-09-20 22:32:46.988 [main] StepDef - Chrome Browser Launched....
[INFO ] 2024-09-20 22:32:51.689 [main] StepDef - URL Opened....
[INFO ] 2024-09-20 22:33:24.796 [main] StepDef - Setup Executed....
[INFO ] 2024-09-20 22:33:24.905 [main] StepDef - Chrome Browser Launched....
[INFO ] 2024-09-20 22:33:29.371 [main] StepDef - URL Opened....
[INFO ] 2024-09-20 22:33:32.111 [main] StepDef - Email Address & Password entered....
[INFO ] 2024-09-20 22:33:35.510 [main] StepDef - Login Button Clicked....
